\BOOKMARK [0][-]{chapter*.1}{\376\377\000I\000n\000t\000r\000o\000d\000u\000c\000t\000i\000o\000n}{}% 1
\BOOKMARK [0][-]{chapter.1}{\376\377\000R\000e\000p\000r\000e\000s\000e\000n\000t\000a\000t\000i\000o\000n\000\040\000o\000f\000\040\000S\000e\000g\000m\000e\000n\000t\000s}{}% 2
\BOOKMARK [1][-]{section.1.1}{\376\377\000V\000o\000c\000a\000l\000i\000c}{chapter.1}% 3
\BOOKMARK [1][-]{section.1.2}{\376\377\000C\000o\000n\000s\000o\000n\000a\000n\000t\000a\000l}{chapter.1}% 4
\BOOKMARK [0][-]{chapter.2}{\376\377\000R\000e\000p\000r\000e\000s\000e\000n\000t\000a\000t\000i\000o\000n\000\040\000o\000f\000\040\000S\000y\000l\000l\000a\000b\000l\000e\000s}{}% 5
\BOOKMARK [1][-]{section.2.1}{\376\377\000O\000n\000s\000e\000t}{chapter.2}% 6
\BOOKMARK [2][-]{subsection.2.1.1}{\376\377\000O\000n\000s\000e\000t\000\040\000C\000l\000u\000s\000t\000e\000r}{section.2.1}% 7
\BOOKMARK [1][-]{section.2.2}{\376\377\000N\000u\000c\000l\000e\000u\000s}{chapter.2}% 8
\BOOKMARK [1][-]{section.2.3}{\376\377\000C\000o\000d\000a}{chapter.2}% 9
\BOOKMARK [2][-]{subsection.2.3.1}{\376\377\000C\000o\000d\000a\000\040\000C\000l\000u\000s\000t\000e\000r}{section.2.3}% 10
\BOOKMARK [1][-]{section.2.4}{\376\377\000S\000y\000l\000l\000a\000b\000l\000e\000\040\000W\000e\000i\000g\000h\000t\000\040\000a\000n\000d\000\040\000S\000t\000r\000e\000s\000s}{chapter.2}% 11
\BOOKMARK [0][-]{chapter.3}{\376\377\000R\000e\000p\000r\000e\000s\000e\000n\000t\000a\000t\000i\000o\000n\000\040\000o\000f\000\040\000M\000o\000r\000p\000h\000o\000p\000h\000o\000n\000o\000l\000o\000g\000y}{}% 12
\BOOKMARK [1][-]{section.3.1}{\376\377\000N\000o\000m\000i\000n\000a\000l}{chapter.3}% 13
\BOOKMARK [2][-]{subsection.3.1.1}{\376\377\000D\000e\000c\000l\000e\000n\000s\000i\000o\000n\000s}{section.3.1}% 14
\BOOKMARK [2][-]{subsection.3.1.2}{\376\377\000C\000a\000s\000e\000s}{section.3.1}% 15
\BOOKMARK [1][-]{section.3.2}{\376\377\000V\000e\000r\000b\000a\000l}{chapter.3}% 16
\BOOKMARK [2][-]{subsection.3.2.1}{\376\377\000P\000e\000r\000s\000o\000n\000s}{section.3.2}% 17
\BOOKMARK [2][-]{subsection.3.2.2}{\376\377\000T\000e\000n\000s\000e}{section.3.2}% 18
\BOOKMARK [2][-]{subsection.3.2.3}{\376\377\000A\000s\000p\000e\000c\000t}{section.3.2}% 19
\BOOKMARK [2][-]{subsection.3.2.4}{\376\377\000M\000o\000o\000d}{section.3.2}% 20
\BOOKMARK [2][-]{subsection.3.2.5}{\376\377\000V\000o\000i\000c\000e}{section.3.2}% 21
\BOOKMARK [0][-]{chapter.4}{\376\377\000R\000e\000p\000r\000e\000s\000e\000n\000t\000a\000t\000i\000o\000n\000\040\000o\000f\000\040\000P\000h\000o\000n\000o\000t\000a\000c\000t\000i\000c\000s\000\040\000a\000n\000d\000\040\000S\000o\000u\000n\000d\000\040\000C\000h\000a\000n\000g\000e\000s}{}% 22
\BOOKMARK [1][-]{section.4.1}{\376\377\000S\000o\000u\000n\000d\000\040\000C\000h\000a\000n\000g\000e\000s}{chapter.4}% 23
\BOOKMARK [1][-]{section.4.2}{\376\377\000P\000h\000o\000n\000o\000t\000a\000c\000t\000i\000c\000s}{chapter.4}% 24
\BOOKMARK [0][-]{chapter.5}{\376\377\000P\000r\000o\000t\000o\000-\000R\000o\000m\000a\000n\000c\000e}{}% 25
\BOOKMARK [1][-]{section.5.1}{\376\377\000P\000h\000o\000n\000e\000m\000i\000c\000\040\000I\000n\000v\000e\000n\000t\000o\000r\000y}{chapter.5}% 26
\BOOKMARK [2][-]{subsection.5.1.1}{\376\377\000V\000o\000c\000a\000l\000i\000c}{section.5.1}% 27
\BOOKMARK [2][-]{subsection.5.1.2}{\376\377\000C\000o\000n\000s\000o\000n\000a\000n\000t\000a\000l}{section.5.1}% 28
\BOOKMARK [1][-]{section.5.2}{\376\377\000S\000o\000u\000n\000d\000\040\000C\000h\000a\000n\000g\000e\000s}{chapter.5}% 29
\BOOKMARK [2][-]{subsection.5.2.1}{\376\377\000V\000o\000c\000a\000l\000i\000s\000m}{section.5.2}% 30
\BOOKMARK [2][-]{subsection.5.2.2}{\376\377\000C\000o\000n\000s\000o\000n\000a\000n\000t\000i\000s\000m}{section.5.2}% 31
\BOOKMARK [1][-]{section.5.3}{\376\377\000M\000o\000r\000p\000h\000o\000p\000h\000o\000n\000o\000l\000o\000g\000y}{chapter.5}% 32
\BOOKMARK [2][-]{subsection.5.3.1}{\376\377\000N\000o\000m\000i\000n\000a\000l}{section.5.3}% 33
\BOOKMARK [2][-]{subsection.5.3.2}{\376\377\000V\000e\000r\000b\000a\000l}{section.5.3}% 34
\BOOKMARK [0][-]{chapter.6}{\376\377\000W\000e\000s\000t\000e\000r\000n\000\040\000R\000o\000m\000a\000n\000c\000e}{}% 35
\BOOKMARK [1][-]{section.6.1}{\376\377\000P\000h\000o\000n\000e\000m\000i\000c\000\040\000I\000n\000v\000e\000n\000t\000o\000r\000y}{chapter.6}% 36
\BOOKMARK [2][-]{subsection.6.1.1}{\376\377\000V\000o\000c\000a\000l\000i\000c}{section.6.1}% 37
\BOOKMARK [2][-]{subsection.6.1.2}{\376\377\000C\000o\000n\000s\000o\000n\000a\000n\000t\000a\000l}{section.6.1}% 38
\BOOKMARK [1][-]{section.6.2}{\376\377\000S\000o\000u\000n\000d\000\040\000C\000h\000a\000n\000g\000e\000s}{chapter.6}% 39
\BOOKMARK [2][-]{subsection.6.2.1}{\376\377\000V\000o\000c\000a\000l\000i\000s\000m}{section.6.2}% 40
\BOOKMARK [2][-]{subsection.6.2.2}{\376\377\000C\000o\000n\000s\000o\000n\000a\000n\000t\000a\000l\000i\000s\000m}{section.6.2}% 41
\BOOKMARK [1][-]{section.6.3}{\376\377\000M\000o\000r\000p\000h\000o\000p\000h\000o\000n\000o\000l\000o\000g\000y}{chapter.6}% 42
\BOOKMARK [2][-]{subsection.6.3.1}{\376\377\000N\000o\000m\000i\000n\000a\000l}{section.6.3}% 43
\BOOKMARK [2][-]{subsection.6.3.2}{\376\377\000V\000e\000r\000b\000a\000l}{section.6.3}% 44
\BOOKMARK [0][-]{chapter.7}{\376\377\000C\000e\000n\000t\000r\000a\000l\000\040\000I\000b\000e\000r\000i\000a\000n\000\040\000R\000o\000m\000a\000n\000c\000e}{}% 45
\BOOKMARK [1][-]{section.7.1}{\376\377\000P\000h\000o\000n\000e\000m\000i\000c\000\040\000I\000n\000v\000e\000n\000t\000o\000r\000y}{chapter.7}% 46
\BOOKMARK [2][-]{subsection.7.1.1}{\376\377\000V\000o\000c\000a\000l\000i\000c}{section.7.1}% 47
\BOOKMARK [2][-]{subsection.7.1.2}{\376\377\000C\000o\000n\000s\000o\000n\000a\000n\000t\000a\000l}{section.7.1}% 48
\BOOKMARK [1][-]{section.7.2}{\376\377\000S\000o\000u\000n\000d\000\040\000C\000h\000a\000n\000g\000e\000s}{chapter.7}% 49
\BOOKMARK [2][-]{subsection.7.2.1}{\376\377\000V\000o\000c\000a\000l\000i\000s\000m}{section.7.2}% 50
\BOOKMARK [2][-]{subsection.7.2.2}{\376\377\000C\000o\000n\000s\000o\000n\000a\000n\000t\000a\000l\000i\000s\000m}{section.7.2}% 51
\BOOKMARK [1][-]{section.7.3}{\376\377\000M\000o\000r\000p\000h\000o\000p\000h\000o\000n\000o\000l\000o\000g\000y}{chapter.7}% 52
\BOOKMARK [2][-]{subsection.7.3.1}{\376\377\000N\000o\000m\000i\000n\000a\000l}{section.7.3}% 53
\BOOKMARK [2][-]{subsection.7.3.2}{\376\377\000V\000e\000r\000b\000a\000l}{section.7.3}% 54
\BOOKMARK [0][-]{chapter.8}{\376\377\000O\000l\000d\000\040\000S\000p\000a\000n\000i\000s\000h}{}% 55
\BOOKMARK [1][-]{section.8.1}{\376\377\000P\000h\000o\000n\000e\000m\000i\000c\000\040\000I\000n\000v\000e\000n\000t\000o\000r\000y}{chapter.8}% 56
\BOOKMARK [2][-]{subsection.8.1.1}{\376\377\000V\000o\000c\000a\000l\000i\000c}{section.8.1}% 57
\BOOKMARK [2][-]{subsection.8.1.2}{\376\377\000C\000o\000n\000s\000o\000n\000a\000n\000t\000a\000l}{section.8.1}% 58
\BOOKMARK [1][-]{section.8.2}{\376\377\000S\000o\000u\000n\000d\000\040\000C\000h\000a\000n\000g\000e\000s}{chapter.8}% 59
\BOOKMARK [2][-]{subsection.8.2.1}{\376\377\000V\000o\000c\000a\000l\000i\000s\000m}{section.8.2}% 60
\BOOKMARK [2][-]{subsection.8.2.2}{\376\377\000C\000o\000n\000s\000o\000n\000a\000n\000t\000a\000l\000i\000s\000m}{section.8.2}% 61
\BOOKMARK [1][-]{section.8.3}{\376\377\000M\000o\000r\000p\000h\000o\000p\000h\000o\000n\000o\000l\000o\000g\000y}{chapter.8}% 62
\BOOKMARK [2][-]{subsection.8.3.1}{\376\377\000N\000o\000m\000i\000n\000a\000l}{section.8.3}% 63
\BOOKMARK [2][-]{subsection.8.3.2}{\376\377\000V\000e\000r\000b\000a\000l}{section.8.3}% 64
\BOOKMARK [0][-]{chapter.9}{\376\377\000E\000a\000r\000l\000y\000\040\000M\000o\000d\000e\000r\000n\000\040\000S\000p\000a\000n\000i\000s\000h}{}% 65
\BOOKMARK [1][-]{section.9.1}{\376\377\000P\000h\000o\000n\000e\000m\000i\000c\000\040\000I\000n\000v\000e\000n\000t\000o\000r\000y}{chapter.9}% 66
\BOOKMARK [2][-]{subsection.9.1.1}{\376\377\000V\000o\000c\000a\000l\000i\000c}{section.9.1}% 67
\BOOKMARK [2][-]{subsection.9.1.2}{\376\377\000C\000o\000n\000s\000o\000n\000a\000n\000t\000a\000l}{section.9.1}% 68
\BOOKMARK [1][-]{section.9.2}{\376\377\000S\000o\000u\000n\000d\000\040\000C\000h\000a\000n\000g\000e\000s}{chapter.9}% 69
\BOOKMARK [2][-]{subsection.9.2.1}{\376\377\000V\000o\000c\000a\000l\000i\000s\000m}{section.9.2}% 70
\BOOKMARK [2][-]{subsection.9.2.2}{\376\377\000C\000o\000n\000s\000o\000n\000a\000n\000t\000a\000l\000i\000s\000m}{section.9.2}% 71
\BOOKMARK [1][-]{section.9.3}{\376\377\000M\000o\000r\000p\000h\000o\000p\000h\000o\000n\000o\000l\000o\000g\000y}{chapter.9}% 72
\BOOKMARK [2][-]{subsection.9.3.1}{\376\377\000N\000o\000m\000i\000n\000a\000l}{section.9.3}% 73
\BOOKMARK [2][-]{subsection.9.3.2}{\376\377\000V\000e\000r\000b\000a\000l}{section.9.3}% 74
\BOOKMARK [0][-]{chapter.10}{\376\377\000M\000o\000d\000e\000r\000n\000\040\000S\000p\000a\000n\000i\000s\000h}{}% 75
\BOOKMARK [1][-]{section.10.1}{\376\377\000P\000h\000o\000n\000e\000m\000i\000c\000\040\000I\000n\000v\000e\000n\000t\000o\000r\000y}{chapter.10}% 76
\BOOKMARK [2][-]{subsection.10.1.1}{\376\377\000V\000o\000c\000a\000l\000i\000c}{section.10.1}% 77
\BOOKMARK [2][-]{subsection.10.1.2}{\376\377\000C\000o\000n\000s\000o\000n\000a\000n\000t\000a\000l}{section.10.1}% 78
\BOOKMARK [1][-]{section.10.2}{\376\377\000S\000o\000u\000n\000d\000\040\000C\000h\000a\000n\000g\000e\000s}{chapter.10}% 79
\BOOKMARK [2][-]{subsection.10.2.1}{\376\377\000V\000o\000c\000a\000l\000i\000s\000m}{section.10.2}% 80
\BOOKMARK [2][-]{subsection.10.2.2}{\376\377\000C\000o\000n\000s\000o\000n\000a\000n\000t\000a\000l\000i\000s\000m}{section.10.2}% 81
\BOOKMARK [1][-]{section.10.3}{\376\377\000M\000o\000r\000p\000h\000o\000p\000h\000o\000n\000o\000l\000o\000g\000y}{chapter.10}% 82
\BOOKMARK [2][-]{subsection.10.3.1}{\376\377\000N\000o\000m\000i\000n\000a\000l}{section.10.3}% 83
\BOOKMARK [2][-]{subsection.10.3.2}{\376\377\000V\000e\000r\000b\000a\000l}{section.10.3}% 84
\BOOKMARK [0][-]{chapter.11}{\376\377\000A\000n\000t\000h\000o\000l\000o\000g\000y\000\040\000o\000f\000\040\000S\000o\000u\000n\000d\000\040\000C\000h\000a\000n\000g\000e\000s}{}% 85
\BOOKMARK [1][-]{section.11.1}{\376\377\000V\000o\000c\000a\000l\000i\000s\000m}{chapter.11}% 86
\BOOKMARK [2][-]{subsection.11.1.1}{\376\377\000M\000o\000n\000o\000p\000h\000t\000h\000o\000n\000g\000s}{section.11.1}% 87
\BOOKMARK [2][-]{subsection.11.1.2}{\376\377\000D\000i\000p\000h\000t\000h\000o\000n\000g\000s}{section.11.1}% 88
\BOOKMARK [2][-]{subsection.11.1.3}{\376\377\000M\000e\000t\000a\000p\000h\000o\000n\000y}{section.11.1}% 89
\BOOKMARK [1][-]{section.11.2}{\376\377\000C\000o\000n\000s\000o\000n\000a\000n\000t\000i\000s\000m}{chapter.11}% 90
\BOOKMARK [2][-]{subsection.11.2.1}{\376\377\000M\000o\000n\000o\000l\000i\000t\000h\000i\000c\000\040\000C\000o\000n\000s\000o\000n\000a\000n\000t\000s}{section.11.2}% 91
\BOOKMARK [2][-]{subsection.11.2.2}{\376\377\000C\000o\000n\000s\000o\000n\000a\000n\000t\000\040\000C\000l\000u\000s\000t\000e\000r\000s}{section.11.2}% 92
\BOOKMARK [0][-]{chapter.12}{\376\377\000A\000n\000t\000h\000o\000l\000o\000g\000y\000\040\000o\000f\000\040\000M\000o\000r\000p\000h\000o\000p\000h\000o\000n\000o\000l\000o\000g\000i\000c\000a\000l\000\040\000C\000h\000a\000n\000g\000e\000s}{}% 93
\BOOKMARK [1][-]{section.12.1}{\376\377\000N\000o\000m\000i\000n\000a\000l}{chapter.12}% 94
\BOOKMARK [2][-]{subsection.12.1.1}{\376\377\000D\000i\000s\000s\000o\000l\000u\000t\000i\000o\000n\000\040\000o\000f\000\040\000D\000e\000c\000l\000e\000n\000s\000i\000o\000n\000\040\000I\000V\000\040\000\046\000\040\000V}{section.12.1}% 95
\BOOKMARK [2][-]{subsection.12.1.2}{\376\377\000R\000e\000d\000u\000c\000t\000i\000o\000n\000\040\000o\000f\000\040\000t\000h\000e\000\040\000C\000a\000s\000e\000\040\000S\000y\000s\000t\000e\000m}{section.12.1}% 96
\BOOKMARK [1][-]{section.12.2}{\376\377\000V\000e\000r\000b\000a\000l}{chapter.12}% 97
\BOOKMARK [0][-]{chapter.13}{\376\377\000G\000l\000o\000s\000s\000a\000r\000i\000u\000m}{}% 98
\BOOKMARK [1][-]{section.13.1}{\376\377\000N\000o\000m\000i\000n\000a\000l}{chapter.13}% 99
\BOOKMARK [2][-]{subsection.13.1.1}{\376\377\000D\000e\000c\000l\000e\000n\000s\000i\000o\000n\000\040\000I\000\040\000\046\000\040\000V}{section.13.1}% 100
\BOOKMARK [2][-]{subsection.13.1.2}{\376\377\000D\000e\000c\000l\000e\000n\000s\000i\000o\000n\000\040\000I\000I\000\040\000\046\000\040\000I\000V}{section.13.1}% 101
\BOOKMARK [2][-]{subsection.13.1.3}{\376\377\000D\000e\000c\000l\000e\000n\000s\000i\000o\000n\000\040\000I\000I\000I}{section.13.1}% 102
\BOOKMARK [1][-]{section.13.2}{\376\377\000P\000r\000o\000n\000o\000u\000n}{chapter.13}% 103
\BOOKMARK [1][-]{section.13.3}{\376\377\000N\000u\000m\000e\000r\000a\000l}{chapter.13}% 104
\BOOKMARK [1][-]{section.13.4}{\376\377\000V\000e\000r\000b\000a\000l}{chapter.13}% 105
\BOOKMARK [2][-]{subsection.13.4.1}{\376\377\000C\000o\000n\000j\000u\000g\000a\000t\000i\000o\000n\000\040\000I}{section.13.4}% 106
\BOOKMARK [2][-]{subsection.13.4.2}{\376\377\000C\000o\000n\000j\000u\000g\000a\000t\000i\000o\000n\000\040\000I\000I}{section.13.4}% 107
\BOOKMARK [2][-]{subsection.13.4.3}{\376\377\000C\000o\000n\000j\000u\000g\000a\000t\000i\000o\000n\000\040\000I\000I\000I}{section.13.4}% 108
\BOOKMARK [2][-]{subsection.13.4.4}{\376\377\000C\000o\000n\000j\000u\000g\000a\000t\000i\000o\000n\000\040\000I\000V}{section.13.4}% 109
\BOOKMARK [0][-]{chapter*.30}{\376\377\000E\000p\000i\000l\000o\000g\000u\000e\000:\000\040\000M\000e\000i\000n\000\040\000J\000u\000g\000e\000n\000d\000t\000r\000a\000u\000m}{}% 110
\BOOKMARK [0][-]{chapter*.31}{\376\377\000B\000i\000b\000l\000i\000p\000g\000r\000a\000p\000h\000y}{}% 111
\BOOKMARK [1][-]{section*.32}{\376\377\000R\000o\000m\000a\000n\000c\000e\000\040\000L\000i\000n\000g\000u\000i\000s\000t\000i\000c\000s}{chapter*.31}% 112
