\BOOKMARK [0][-]{chapter*.1}{\376\377\000I\000n\000t\000r\000o\000d\000u\000c\000t\000i\000o\000n}{}% 1
\BOOKMARK [0][-]{chapter.1}{\376\377\000R\000e\000p\000r\000e\000s\000e\000n\000t\000a\000t\000i\000o\000n\000\040\000o\000f\000\040\000S\000e\000g\000m\000e\000n\000t\000s}{}% 2
\BOOKMARK [1][-]{section.1.1}{\376\377\000V\000o\000c\000a\000l\000i\000c}{chapter.1}% 3
\BOOKMARK [1][-]{section.1.2}{\376\377\000C\000o\000n\000s\000o\000n\000a\000n\000t\000a\000l}{chapter.1}% 4
\BOOKMARK [0][-]{chapter.2}{\376\377\000R\000e\000p\000r\000e\000s\000e\000n\000t\000a\000t\000i\000o\000n\000\040\000o\000f\000\040\000S\000y\000l\000l\000a\000b\000l\000e\000s}{}% 5
\BOOKMARK [1][-]{section.2.1}{\376\377\000O\000n\000s\000e\000t}{chapter.2}% 6
\BOOKMARK [2][-]{subsection.2.1.1}{\376\377\000O\000n\000s\000e\000t\000\040\000C\000l\000u\000s\000t\000e\000r}{section.2.1}% 7
\BOOKMARK [1][-]{section.2.2}{\376\377\000N\000u\000c\000l\000e\000u\000s}{chapter.2}% 8
\BOOKMARK [1][-]{section.2.3}{\376\377\000C\000o\000d\000a}{chapter.2}% 9
\BOOKMARK [2][-]{subsection.2.3.1}{\376\377\000C\000o\000d\000a\000\040\000C\000l\000u\000s\000t\000e\000r}{section.2.3}% 10
\BOOKMARK [1][-]{section.2.4}{\376\377\000S\000y\000l\000l\000a\000b\000l\000e\000\040\000W\000e\000i\000g\000h\000t\000\040\000a\000n\000d\000\040\000S\000t\000r\000e\000s\000s}{chapter.2}% 11
\BOOKMARK [0][-]{chapter.3}{\376\377\000R\000e\000p\000r\000e\000s\000e\000n\000t\000a\000t\000i\000o\000n\000\040\000o\000f\000\040\000P\000h\000o\000n\000o\000t\000a\000c\000t\000i\000c\000s\000\040\000a\000n\000d\000\040\000S\000o\000u\000n\000d\000\040\000C\000h\000a\000n\000g\000e\000s}{}% 12
\BOOKMARK [1][-]{section.3.1}{\376\377\000S\000o\000u\000n\000d\000\040\000C\000h\000a\000n\000g\000e\000s}{chapter.3}% 13
\BOOKMARK [1][-]{section.3.2}{\376\377\000P\000h\000o\000n\000o\000t\000a\000c\000t\000i\000c\000s}{chapter.3}% 14
\BOOKMARK [0][-]{chapter.4}{\376\377\000R\000e\000p\000r\000e\000s\000e\000n\000t\000a\000t\000i\000o\000n\000\040\000o\000f\000\040\000M\000o\000r\000p\000h\000o\000p\000h\000o\000n\000o\000l\000o\000g\000y}{}% 15
\BOOKMARK [1][-]{section.4.1}{\376\377\000N\000o\000m\000i\000n\000a\000l}{chapter.4}% 16
\BOOKMARK [1][-]{section.4.2}{\376\377\000V\000e\000r\000b\000a\000l}{chapter.4}% 17
\BOOKMARK [0][-]{chapter.5}{\376\377\000P\000r\000o\000t\000o\000-\000R\000o\000m\000a\000n\000c\000e}{}% 18
\BOOKMARK [1][-]{section.5.1}{\376\377\000P\000h\000o\000n\000e\000m\000i\000c\000\040\000I\000n\000v\000e\000n\000t\000o\000r\000y}{chapter.5}% 19
\BOOKMARK [2][-]{subsection.5.1.1}{\376\377\000V\000o\000c\000a\000l\000i\000c}{section.5.1}% 20
\BOOKMARK [2][-]{subsection.5.1.2}{\376\377\000C\000o\000n\000s\000o\000n\000a\000n\000t\000a\000l}{section.5.1}% 21
\BOOKMARK [1][-]{section.5.2}{\376\377\000S\000o\000u\000n\000d\000\040\000C\000h\000a\000n\000g\000e\000s}{chapter.5}% 22
\BOOKMARK [2][-]{subsection.5.2.1}{\376\377\000V\000o\000c\000a\000l\000i\000s\000m}{section.5.2}% 23
\BOOKMARK [2][-]{subsection.5.2.2}{\376\377\000C\000o\000n\000s\000o\000n\000a\000n\000t\000i\000s\000m}{section.5.2}% 24
\BOOKMARK [1][-]{section.5.3}{\376\377\000M\000o\000r\000p\000h\000o\000p\000h\000o\000n\000o\000l\000o\000g\000y}{chapter.5}% 25
\BOOKMARK [2][-]{subsection.5.3.1}{\376\377\000N\000o\000m\000i\000n\000a\000l}{section.5.3}% 26
\BOOKMARK [2][-]{subsection.5.3.2}{\376\377\000V\000e\000r\000b\000a\000l}{section.5.3}% 27
\BOOKMARK [0][-]{chapter.6}{\376\377\000W\000e\000s\000t\000e\000r\000n\000\040\000R\000o\000m\000a\000n\000c\000e}{}% 28
\BOOKMARK [0][-]{chapter.7}{\376\377\000C\000e\000n\000t\000r\000a\000l\000\040\000I\000b\000e\000r\000i\000a\000n\000\040\000R\000o\000m\000a\000n\000c\000e}{}% 29
\BOOKMARK [0][-]{chapter.8}{\376\377\000O\000l\000d\000\040\000S\000p\000a\000n\000i\000s\000h}{}% 30
\BOOKMARK [0][-]{chapter.9}{\376\377\000E\000a\000r\000l\000y\000\040\000M\000o\000d\000e\000r\000n\000\040\000S\000p\000a\000n\000i\000s\000h}{}% 31
\BOOKMARK [0][-]{chapter.10}{\376\377\000M\000o\000d\000e\000r\000n\000\040\000S\000p\000a\000n\000i\000s\000h}{}% 32
\BOOKMARK [0][-]{cha